<html>
<head>
<title>TestNG:  Surefire test</title>
<link href="../testng.css" rel="stylesheet" type="text/css" />
<link href="../my-testng.css" rel="stylesheet" type="text/css" />

<style type="text/css">
.log { display: none;} 
.stack-trace { display: none;} 
</style>
<script type="text/javascript">
<!--
function flip(e) {
  current = e.style.display;
  if (current == 'block') {
    e.style.display = 'none';
    return 0;
  }
  else {
    e.style.display = 'block';
    return 1;
  }
}

function toggleBox(szDivId, elem, msg1, msg2)
{
  var res = -1;  if (document.getElementById) {
    res = flip(document.getElementById(szDivId));
  }
  else if (document.all) {
    // this is the way old msie versions work
    res = flip(document.all[szDivId]);
  }
  if(elem) {
    if(res == 0) elem.innerHTML = msg1; else elem.innerHTML = msg2;
  }

}

function toggleAllBoxes() {
  if (document.getElementsByTagName) {
    d = document.getElementsByTagName('div');
    for (i = 0; i < d.length; i++) {
      if (d[i].className == 'log') {
        flip(d[i]);
      }
    }
  }
}

// -->
</script>

</head>
<body>
<h2 align='center'>Surefire test</h2><table border='1' align="center">
<tr>
<td>Tests passed/Failed/Skipped:</td><td>24/3/0</td>
</tr><tr>
<td>Started on:</td><td>Sat Jul 16 02:47:12 EET 2022</td>
</tr>
<tr><td>Total time:</td><td>404 seconds (404390 ms)</td>
</tr><tr>
<td>Included groups:</td><td></td>
</tr><tr>
<td>Excluded groups:</td><td></td>
</tr>
</table><p/>
<small><i>(Hover the method name to see the test class name)</i></small><p/>
<table width='100%' border='1' class='invocation-failed'>
<tr><td colspan='4' align='center'><b>FAILED TESTS</b></td></tr>
<tr><td><b>Test method</b></td>
<td width="30%"><b>Exception</b></td>
<td width="10%"><b>Time (seconds)</b></td>
<td><b>Instance</b></td>
</tr>
<tr>
<td title='org.example.runners.TestRunner.runScenario()'><b>runScenario</b><br>Test class: org.example.runners.TestRunner<br>Test method: Runs Cucumber Scenarios<br>Parameters: "Second slider is clickable on home page", "User can select between options in home slider"</td>
<td><div><pre>org.openqa.selenium.TimeoutException: Expected condition failed: waiting for url to be &quot; https://demo.nopcommerce.com/iphone-6&quot;. Current url: &quot;https://demo.nopcommerce.com/&quot; (tried for 10 second(s) with 500 milliseconds interval)
Build info: version: &apos;4.3.0&apos;, revision: &apos;a4995e2c09*&apos;
System info: host: &apos;DESKTOP-K5S71EA&apos;, ip: &apos;192.168.1.2&apos;, os.name: &apos;Windows 10&apos;, os.arch: &apos;amd64&apos;, os.version: &apos;10.0&apos;, java.version: &apos;1.8.0_333&apos;
Driver info: org.openqa.selenium.chrome.ChromeDriver
Capabilities {acceptInsecureCerts: false, browserName: chrome, browserVersion: 103.0.5060.114, chrome: {chromedriverVersion: 103.0.5060.53 (a1711811edd7..., userDataDir: C:\Users\mouha\AppData\Loca...}, goog:chromeOptions: {debuggerAddress: localhost:59131}, networkConnectionEnabled: false, pageLoadStrategy: normal, platformName: WINDOWS, proxy: Proxy(), se:cdp: ws://localhost:59131/devtoo..., se:cdpVersion: 103.0.5060.114, setWindowRect: true, strictFileInteractability: false, timeouts: {implicit: 0, pageLoad: 300000, script: 30000}, unhandledPromptBehavior: dismiss and notify, webauthn:extension:credBlob: true, webauthn:extension:largeBlob: true, webauthn:virtualAuthenticators: true}
Session ID: f50a160ac63d8cdded1241e2a1079e00
	at org.openqa.selenium.support.ui.WebDriverWait.timeoutException(WebDriverWait.java:87)
	at org.openqa.selenium.support.ui.FluentWait.until(FluentWait.java:231)
	at org.example.step_definitions.HomeSliders.user_navigate_to_iphone_product_details_page(HomeSliders.java:48)
	at ?.User navigate to iphone product details page(file:///C:/Users/mouha/IdeaProjects/EcommerceAppAutomationTesting/src/main/resources/features/F13_HomeSliders.feature:13)
</pre></div><a href='#' onClick='toggleBox("stack-trace2101977504", this, "Click to show all stack frames", "Click to hide stack frames")'>Click to show all stack frames</a>
<div class='stack-trace' id='stack-trace2101977504'><pre>org.openqa.selenium.TimeoutException: Expected condition failed: waiting for url to be &quot; https://demo.nopcommerce.com/iphone-6&quot;. Current url: &quot;https://demo.nopcommerce.com/&quot; (tried for 10 second(s) with 500 milliseconds interval)
Build info: version: &apos;4.3.0&apos;, revision: &apos;a4995e2c09*&apos;
System info: host: &apos;DESKTOP-K5S71EA&apos;, ip: &apos;192.168.1.2&apos;, os.name: &apos;Windows 10&apos;, os.arch: &apos;amd64&apos;, os.version: &apos;10.0&apos;, java.version: &apos;1.8.0_333&apos;
Driver info: org.openqa.selenium.chrome.ChromeDriver
Capabilities {acceptInsecureCerts: false, browserName: chrome, browserVersion: 103.0.5060.114, chrome: {chromedriverVersion: 103.0.5060.53 (a1711811edd7..., userDataDir: C:\Users\mouha\AppData\Loca...}, goog:chromeOptions: {debuggerAddress: localhost:59131}, networkConnectionEnabled: false, pageLoadStrategy: normal, platformName: WINDOWS, proxy: Proxy(), se:cdp: ws://localhost:59131/devtoo..., se:cdpVersion: 103.0.5060.114, setWindowRect: true, strictFileInteractability: false, timeouts: {implicit: 0, pageLoad: 300000, script: 30000}, unhandledPromptBehavior: dismiss and notify, webauthn:extension:credBlob: true, webauthn:extension:largeBlob: true, webauthn:virtualAuthenticators: true}
Session ID: f50a160ac63d8cdded1241e2a1079e00
	at org.openqa.selenium.support.ui.WebDriverWait.timeoutException(WebDriverWait.java:87)
	at org.openqa.selenium.support.ui.FluentWait.until(FluentWait.java:231)
	at org.example.step_definitions.HomeSliders.user_navigate_to_iphone_product_details_page(HomeSliders.java:48)
	at ?.User navigate to iphone product details page(file:///C:/Users/mouha/IdeaProjects/EcommerceAppAutomationTesting/src/main/resources/features/F13_HomeSliders.feature:13)
</pre></div></td>
<td>19</td>
<td>org.example.runners.TestRunner@2a556333</td></tr>
<tr>
<td title='org.example.runners.TestRunner.runScenario()'><b>runScenario</b><br>Test class: org.example.runners.TestRunner<br>Test method: Runs Cucumber Scenarios<br>Parameters: "First slider is clickable on home page", "User can select between options in home slider"</td>
<td><div><pre>org.openqa.selenium.TimeoutException: Expected condition failed: waiting for url to be &quot;https://demo.nopcommerce.com/nokia-lumia-1020&quot;. Current url: &quot;https://demo.nopcommerce.com/&quot; (tried for 10 second(s) with 500 milliseconds interval)
Build info: version: &apos;4.3.0&apos;, revision: &apos;a4995e2c09*&apos;
System info: host: &apos;DESKTOP-K5S71EA&apos;, ip: &apos;192.168.1.2&apos;, os.name: &apos;Windows 10&apos;, os.arch: &apos;amd64&apos;, os.version: &apos;10.0&apos;, java.version: &apos;1.8.0_333&apos;
Driver info: org.openqa.selenium.chrome.ChromeDriver
Capabilities {acceptInsecureCerts: false, browserName: chrome, browserVersion: 103.0.5060.114, chrome: {chromedriverVersion: 103.0.5060.53 (a1711811edd7..., userDataDir: C:\Users\mouha\AppData\Loca...}, goog:chromeOptions: {debuggerAddress: localhost:59110}, networkConnectionEnabled: false, pageLoadStrategy: normal, platformName: WINDOWS, proxy: Proxy(), se:cdp: ws://localhost:59110/devtoo..., se:cdpVersion: 103.0.5060.114, setWindowRect: true, strictFileInteractability: false, timeouts: {implicit: 0, pageLoad: 300000, script: 30000}, unhandledPromptBehavior: dismiss and notify, webauthn:extension:credBlob: true, webauthn:extension:largeBlob: true, webauthn:virtualAuthenticators: true}
Session ID: 9c1683519945248f4e216b7b1375fcd7
	at org.openqa.selenium.support.ui.WebDriverWait.timeoutException(WebDriverWait.java:87)
	at org.openqa.selenium.support.ui.FluentWait.until(FluentWait.java:231)
	at org.example.step_definitions.HomeSliders.user_navigate_to_nokia_product_details_page(HomeSliders.java:33)
	at ?.User navigate to nokia product details page(file:///C:/Users/mouha/IdeaProjects/EcommerceAppAutomationTesting/src/main/resources/features/F13_HomeSliders.feature:8)
</pre></div><a href='#' onClick='toggleBox("stack-trace1063847668", this, "Click to show all stack frames", "Click to hide stack frames")'>Click to show all stack frames</a>
<div class='stack-trace' id='stack-trace1063847668'><pre>org.openqa.selenium.TimeoutException: Expected condition failed: waiting for url to be &quot;https://demo.nopcommerce.com/nokia-lumia-1020&quot;. Current url: &quot;https://demo.nopcommerce.com/&quot; (tried for 10 second(s) with 500 milliseconds interval)
Build info: version: &apos;4.3.0&apos;, revision: &apos;a4995e2c09*&apos;
System info: host: &apos;DESKTOP-K5S71EA&apos;, ip: &apos;192.168.1.2&apos;, os.name: &apos;Windows 10&apos;, os.arch: &apos;amd64&apos;, os.version: &apos;10.0&apos;, java.version: &apos;1.8.0_333&apos;
Driver info: org.openqa.selenium.chrome.ChromeDriver
Capabilities {acceptInsecureCerts: false, browserName: chrome, browserVersion: 103.0.5060.114, chrome: {chromedriverVersion: 103.0.5060.53 (a1711811edd7..., userDataDir: C:\Users\mouha\AppData\Loca...}, goog:chromeOptions: {debuggerAddress: localhost:59110}, networkConnectionEnabled: false, pageLoadStrategy: normal, platformName: WINDOWS, proxy: Proxy(), se:cdp: ws://localhost:59110/devtoo..., se:cdpVersion: 103.0.5060.114, setWindowRect: true, strictFileInteractability: false, timeouts: {implicit: 0, pageLoad: 300000, script: 30000}, unhandledPromptBehavior: dismiss and notify, webauthn:extension:credBlob: true, webauthn:extension:largeBlob: true, webauthn:virtualAuthenticators: true}
Session ID: 9c1683519945248f4e216b7b1375fcd7
	at org.openqa.selenium.support.ui.WebDriverWait.timeoutException(WebDriverWait.java:87)
	at org.openqa.selenium.support.ui.FluentWait.until(FluentWait.java:231)
	at org.example.step_definitions.HomeSliders.user_navigate_to_nokia_product_details_page(HomeSliders.java:33)
	at ?.User navigate to nokia product details page(file:///C:/Users/mouha/IdeaProjects/EcommerceAppAutomationTesting/src/main/resources/features/F13_HomeSliders.feature:8)
</pre></div></td>
<td>18</td>
<td>org.example.runners.TestRunner@2a556333</td></tr>
<tr>
<td title='org.example.runners.TestRunner.runScenario()'><b>runScenario</b><br>Test class: org.example.runners.TestRunner<br>Test method: Runs Cucumber Scenarios<br>Parameters: "User opens rss link", "User can open followUs links"</td>
<td><div><pre>java.lang.AssertionError: expected [https://demo.nopcommerce.com/new-online-store-is-open] but found [https://demo.nopcommerce.com/news/rss/1]
	at org.example.step_definitions.FollowUs.is_opened_in_new_tab(FollowUs.java:56)
	at ?.&quot;https://demo.nopcommerce.com/new-online-store-is-open&quot; is opened in new tab(file:///C:/Users/mouha/IdeaProjects/EcommerceAppAutomationTesting/src/main/resources/features/F14_FollowUs.feature:18)
... Removed 6 stack frames</pre></div><a href='#' onClick='toggleBox("stack-trace1657199513", this, "Click to show all stack frames", "Click to hide stack frames")'>Click to show all stack frames</a>
<div class='stack-trace' id='stack-trace1657199513'><pre>java.lang.AssertionError: expected [https://demo.nopcommerce.com/new-online-store-is-open] but found [https://demo.nopcommerce.com/news/rss/1]
	at org.testng.Assert.fail(Assert.java:110)
	at org.testng.Assert.failNotEquals(Assert.java:1413)
	at org.testng.Assert.assertEqualsImpl(Assert.java:149)
	at org.testng.Assert.assertEquals(Assert.java:131)
	at org.testng.Assert.assertEquals(Assert.java:655)
	at org.testng.Assert.assertEquals(Assert.java:665)
	at org.example.step_definitions.FollowUs.is_opened_in_new_tab(FollowUs.java:56)
	at ?.&quot;https://demo.nopcommerce.com/new-online-store-is-open&quot; is opened in new tab(file:///C:/Users/mouha/IdeaProjects/EcommerceAppAutomationTesting/src/main/resources/features/F14_FollowUs.feature:18)
</pre></div></td>
<td>15</td>
<td>org.example.runners.TestRunner@2a556333</td></tr>
</table><p>
<table width='100%' border='1' class='invocation-passed'>
<tr><td colspan='4' align='center'><b>PASSED TESTS</b></td></tr>
<tr><td><b>Test method</b></td>
<td width="30%"><b>Exception</b></td>
<td width="10%"><b>Time (seconds)</b></td>
<td><b>Instance</b></td>
</tr>
<tr>
<td title='org.example.runners.TestRunner.runScenario()'><b>runScenario</b><br>Test class: org.example.runners.TestRunner<br>Test method: Runs Cucumber Scenarios<br>Parameters: "Logged user search using product name", "Logged user can search for any product"</td>
<td></td>
<td>9</td>
<td>org.example.runners.TestRunner@2a556333</td></tr>
<tr>
<td title='org.example.runners.TestRunner.runScenario()'><b>runScenario</b><br>Test class: org.example.runners.TestRunner<br>Test method: Runs Cucumber Scenarios<br>Parameters: "User add htc phone product to Wishlist and validate its quantity", "User can add different products to Wishlist"</td>
<td></td>
<td>22</td>
<td>org.example.runners.TestRunner@2a556333</td></tr>
<tr>
<td title='org.example.runners.TestRunner.runScenario()'><b>runScenario</b><br>Test class: org.example.runners.TestRunner<br>Test method: Runs Cucumber Scenarios<br>Parameters: "User login with invalid credentials", "User can log in the website"</td>
<td></td>
<td>8</td>
<td>org.example.runners.TestRunner@2a556333</td></tr>
<tr>
<td title='org.example.runners.TestRunner.runScenario()'><b>runScenario</b><br>Test class: org.example.runners.TestRunner<br>Test method: Runs Cucumber Scenarios<br>Parameters: "Logged user select awesome tag", "Logged user can select different tags"</td>
<td></td>
<td>12</td>
<td>org.example.runners.TestRunner@2a556333</td></tr>
<tr>
<td title='org.example.runners.TestRunner.runScenario()'><b>runScenario</b><br>Test class: org.example.runners.TestRunner<br>Test method: Runs Cucumber Scenarios<br>Parameters: "User select sub-category", "Logged user can select different Categories in the website"</td>
<td></td>
<td>11</td>
<td>org.example.runners.TestRunner@2a556333</td></tr>
<tr>
<td title='org.example.runners.TestRunner.runScenario()'><b>runScenario</b><br>Test class: org.example.runners.TestRunner<br>Test method: Runs Cucumber Scenarios<br>Parameters: "User add htc phone product to Wishlist", "User can add different products to Wishlist"</td>
<td></td>
<td>9</td>
<td>org.example.runners.TestRunner@2a556333</td></tr>
<tr>
<td title='org.example.runners.TestRunner.runScenario()'><b>runScenario</b><br>Test class: org.example.runners.TestRunner<br>Test method: Runs Cucumber Scenarios<br>Parameters: "User reset password with valid email", "User can reset his/her password successfully"</td>
<td></td>
<td>8</td>
<td>org.example.runners.TestRunner@2a556333</td></tr>
<tr>
<td title='org.example.runners.TestRunner.runScenario()'><b>runScenario</b><br>Test class: org.example.runners.TestRunner<br>Test method: Runs Cucumber Scenarios<br>Parameters: "User opens youtube link", "User can open followUs links"</td>
<td></td>
<td>14</td>
<td>org.example.runners.TestRunner@2a556333</td></tr>
<tr>
<td title='org.example.runners.TestRunner.runScenario()'><b>runScenario</b><br>Test class: org.example.runners.TestRunner<br>Test method: Runs Cucumber Scenarios<br>Parameters: "Logged user filter products with color", "Logged user can filter with color"</td>
<td></td>
<td>17</td>
<td>org.example.runners.TestRunner@2a556333</td></tr>
<tr>
<td title='org.example.runners.TestRunner.runScenario()'><b>runScenario</b><br>Test class: org.example.runners.TestRunner<br>Test method: Runs Cucumber Scenarios<br>Parameters: "User reset password with invalid email", "User can reset his/her password successfully"</td>
<td></td>
<td>7</td>
<td>org.example.runners.TestRunner@2a556333</td></tr>
<tr>
<td title='org.example.runners.TestRunner.runScenario()'><b>runScenario</b><br>Test class: org.example.runners.TestRunner<br>Test method: Runs Cucumber Scenarios<br>Parameters: "Logged user search using product sku", "Logged user can search for any product"</td>
<td></td>
<td>11</td>
<td>org.example.runners.TestRunner@2a556333</td></tr>
<tr>
<td title='org.example.runners.TestRunner.runScenario()'><b>runScenario</b><br>Test class: org.example.runners.TestRunner<br>Test method: Runs Cucumber Scenarios<br>Parameters: "User opens facebook link", "User can open followUs links"</td>
<td></td>
<td>11</td>
<td>org.example.runners.TestRunner@2a556333</td></tr>
<tr>
<td title='org.example.runners.TestRunner.runScenario()'><b>runScenario</b><br>Test class: org.example.runners.TestRunner<br>Test method: Runs Cucumber Scenarios<br>Parameters: "Logged user add different products to compare list", "Logged user can add different products to compare list"</td>
<td></td>
<td>30</td>
<td>org.example.runners.TestRunner@2a556333</td></tr>
<tr>
<td title='org.example.runners.TestRunner.runScenario()'><b>runScenario</b><br>Test class: org.example.runners.TestRunner<br>Test method: Runs Cucumber Scenarios<br>Parameters: "Logged user select cell tag", "Logged user can select different tags"</td>
<td></td>
<td>11</td>
<td>org.example.runners.TestRunner@2a556333</td></tr>
<tr>
<td title='org.example.runners.TestRunner.runScenario()'><b>runScenario</b><br>Test class: org.example.runners.TestRunner<br>Test method: Runs Cucumber Scenarios<br>Parameters: "User login with valid credentials", "User can log in the website"</td>
<td></td>
<td>11</td>
<td>org.example.runners.TestRunner@2a556333</td></tr>
<tr>
<td title='org.example.runners.TestRunner.runScenario()'><b>runScenario</b><br>Test class: org.example.runners.TestRunner<br>Test method: Runs Cucumber Scenarios<br>Parameters: "Logged user search using product name", "Logged user can search for any product"</td>
<td></td>
<td>8</td>
<td>org.example.runners.TestRunner@2a556333</td></tr>
<tr>
<td title='org.example.runners.TestRunner.runScenario()'><b>runScenario</b><br>Test class: org.example.runners.TestRunner<br>Test method: Runs Cucumber Scenarios<br>Parameters: "Logged user purchase with cash payment", "Logged user can purchase product from the website"</td>
<td></td>
<td>27</td>
<td>org.example.runners.TestRunner@2a556333</td></tr>
<tr>
<td title='org.example.runners.TestRunner.runScenario()'><b>runScenario</b><br>Test class: org.example.runners.TestRunner<br>Test method: Runs Cucumber Scenarios<br>Parameters: "User change currency from US to Euro", "Logged user can switch between currencies US-Euro"</td>
<td></td>
<td>9</td>
<td>org.example.runners.TestRunner@2a556333</td></tr>
<tr>
<td title='org.example.runners.TestRunner.runScenario()'><b>runScenario</b><br>Test class: org.example.runners.TestRunner<br>Test method: Runs Cucumber Scenarios<br>Parameters: "Logged user search using product sku", "Logged user can search for any product"</td>
<td></td>
<td>11</td>
<td>org.example.runners.TestRunner@2a556333</td></tr>
<tr>
<td title='org.example.runners.TestRunner.runScenario()'><b>runScenario</b><br>Test class: org.example.runners.TestRunner<br>Test method: Runs Cucumber Scenarios<br>Parameters: "User register with valid data", "User can register and has an account on the website"</td>
<td></td>
<td>15</td>
<td>org.example.runners.TestRunner@2a556333</td></tr>
<tr>
<td title='org.example.runners.TestRunner.runScenario()'><b>runScenario</b><br>Test class: org.example.runners.TestRunner<br>Test method: Runs Cucumber Scenarios<br>Parameters: "Logged user search using product sku", "Logged user can search for any product"</td>
<td></td>
<td>10</td>
<td>org.example.runners.TestRunner@2a556333</td></tr>
<tr>
<td title='org.example.runners.TestRunner.runScenario()'><b>runScenario</b><br>Test class: org.example.runners.TestRunner<br>Test method: Runs Cucumber Scenarios<br>Parameters: "Logged user search using product name", "Logged user can search for any product"</td>
<td></td>
<td>9</td>
<td>org.example.runners.TestRunner@2a556333</td></tr>
<tr>
<td title='org.example.runners.TestRunner.runScenario()'><b>runScenario</b><br>Test class: org.example.runners.TestRunner<br>Test method: Runs Cucumber Scenarios<br>Parameters: "Logged user add different products to Shopping cart", "Logged user can add different products to Shopping cart"</td>
<td></td>
<td>44</td>
<td>org.example.runners.TestRunner@2a556333</td></tr>
<tr>
<td title='org.example.runners.TestRunner.runScenario()'><b>runScenario</b><br>Test class: org.example.runners.TestRunner<br>Test method: Runs Cucumber Scenarios<br>Parameters: "User opens twitter link", "User can open followUs links"</td>
<td></td>
<td>14</td>
<td>org.example.runners.TestRunner@2a556333</td></tr>
</table><p>
</body>
</html>