<?xml version="1.0" encoding="UTF-8"?>
<!-- Generated by org.testng.reporters.JUnitReportReporter -->
<testsuite skipped="0" hostname="DESKTOP-K5S71EA" name="org.example.runners.TestRunner" tests="27" failures="1" timestamp="2022-07-16T02:53:57 EET" time="402.068" errors="2">
  <testcase name="runScenario" time="9.258" classname="org.example.runners.TestRunner"/>
  <system-out/>
  <testcase name="runScenario" time="22.783" classname="org.example.runners.TestRunner"/>
  <system-out/>
  <testcase name="runScenario" time="8.226" classname="org.example.runners.TestRunner"/>
  <system-out/>
  <testcase name="runScenario" time="12.572" classname="org.example.runners.TestRunner"/>
  <system-out/>
  <testcase name="runScenario" time="11.650" classname="org.example.runners.TestRunner"/>
  <system-out/>
  <testcase name="runScenario" time="9.020" classname="org.example.runners.TestRunner"/>
  <system-out/>
  <testcase name="runScenario" time="8.494" classname="org.example.runners.TestRunner"/>
  <system-out/>
  <testcase name="runScenario" time="14.422" classname="org.example.runners.TestRunner"/>
  <system-out/>
  <testcase name="runScenario" time="18.748" classname="org.example.runners.TestRunner">
    <error type="org.openqa.selenium.TimeoutException" message="Expected condition failed: waiting for url to be &quot;https://demo.nopcommerce.com/nokia-lumia-1020&quot;. Current url: &quot;https://demo.nopcommerce.com/&quot; (tried for 10 second(s) with 500 milliseconds interval)
Build info: version: &#039;4.3.0&#039;, revision: &#039;a4995e2c09*&#039;
System info: host: &#039;DESKTOP-K5S71EA&#039;, ip: &#039;192.168.1.2&#039;, os.name: &#039;Windows 10&#039;, os.arch: &#039;amd64&#039;, os.version: &#039;10.0&#039;, java.version: &#039;1.8.0_333&#039;
Driver info: org.openqa.selenium.chrome.ChromeDriver
Capabilities {acceptInsecureCerts: false, browserName: chrome, browserVersion: 103.0.5060.114, chrome: {chromedriverVersion: 103.0.5060.53 (a1711811edd7..., userDataDir: C:\Users\mouha\AppData\Loca...}, goog:chromeOptions: {debuggerAddress: localhost:59110}, networkConnectionEnabled: false, pageLoadStrategy: normal, platformName: WINDOWS, proxy: Proxy(), se:cdp: ws://localhost:59110/devtoo..., se:cdpVersion: 103.0.5060.114, setWindowRect: true, strictFileInteractability: false, timeouts: {implicit: 0, pageLoad: 300000, script: 30000}, unhandledPromptBehavior: dismiss and notify, webauthn:extension:credBlob: true, webauthn:extension:largeBlob: true, webauthn:virtualAuthenticators: true}
Session ID: 9c1683519945248f4e216b7b1375fcd7">
      <![CDATA[org.openqa.selenium.TimeoutException: Expected condition failed: waiting for url to be "https://demo.nopcommerce.com/nokia-lumia-1020". Current url: "https://demo.nopcommerce.com/" (tried for 10 second(s) with 500 milliseconds interval)
Build info: version: '4.3.0', revision: 'a4995e2c09*'
System info: host: 'DESKTOP-K5S71EA', ip: '192.168.1.2', os.name: 'Windows 10', os.arch: 'amd64', os.version: '10.0', java.version: '1.8.0_333'
Driver info: org.openqa.selenium.chrome.ChromeDriver
Capabilities {acceptInsecureCerts: false, browserName: chrome, browserVersion: 103.0.5060.114, chrome: {chromedriverVersion: 103.0.5060.53 (a1711811edd7..., userDataDir: C:\Users\mouha\AppData\Loca...}, goog:chromeOptions: {debuggerAddress: localhost:59110}, networkConnectionEnabled: false, pageLoadStrategy: normal, platformName: WINDOWS, proxy: Proxy(), se:cdp: ws://localhost:59110/devtoo..., se:cdpVersion: 103.0.5060.114, setWindowRect: true, strictFileInteractability: false, timeouts: {implicit: 0, pageLoad: 300000, script: 30000}, unhandledPromptBehavior: dismiss and notify, webauthn:extension:credBlob: true, webauthn:extension:largeBlob: true, webauthn:virtualAuthenticators: true}
Session ID: 9c1683519945248f4e216b7b1375fcd7
at org.openqa.selenium.support.ui.WebDriverWait.timeoutException(WebDriverWait.java:87)
at org.openqa.selenium.support.ui.FluentWait.until(FluentWait.java:231)
at org.example.step_definitions.HomeSliders.user_navigate_to_nokia_product_details_page(HomeSliders.java:33)
at ✽.User navigate to nokia product details page(file:///C:/Users/mouha/IdeaProjects/EcommerceAppAutomationTesting/src/main/resources/features/F13_HomeSliders.feature:8)
]]>
    </error>
  </testcase> <!-- runScenario -->
  <system-out/>
  <testcase name="runScenario" time="15.924" classname="org.example.runners.TestRunner">
    <failure type="java.lang.AssertionError" message="expected [https://demo.nopcommerce.com/new-online-store-is-open] but found [https://demo.nopcommerce.com/news/rss/1]">
      <![CDATA[java.lang.AssertionError: expected [https://demo.nopcommerce.com/new-online-store-is-open] but found [https://demo.nopcommerce.com/news/rss/1]
at org.testng.Assert.fail(Assert.java:110)
at org.testng.Assert.failNotEquals(Assert.java:1413)
at org.testng.Assert.assertEqualsImpl(Assert.java:149)
at org.testng.Assert.assertEquals(Assert.java:131)
at org.testng.Assert.assertEquals(Assert.java:655)
at org.testng.Assert.assertEquals(Assert.java:665)
at org.example.step_definitions.FollowUs.is_opened_in_new_tab(FollowUs.java:56)
at ✽."https://demo.nopcommerce.com/new-online-store-is-open" is opened in new tab(file:///C:/Users/mouha/IdeaProjects/EcommerceAppAutomationTesting/src/main/resources/features/F14_FollowUs.feature:18)
]]>
    </failure>
  </testcase> <!-- runScenario -->
  <system-out/>
  <testcase name="runScenario" time="17.947" classname="org.example.runners.TestRunner"/>
  <system-out/>
  <testcase name="runScenario" time="7.831" classname="org.example.runners.TestRunner"/>
  <system-out/>
  <testcase name="runScenario" time="11.445" classname="org.example.runners.TestRunner"/>
  <system-out/>
  <testcase name="runScenario" time="11.436" classname="org.example.runners.TestRunner"/>
  <system-out/>
  <testcase name="runScenario" time="19.052" classname="org.example.runners.TestRunner">
    <error type="org.openqa.selenium.TimeoutException" message="Expected condition failed: waiting for url to be &quot; https://demo.nopcommerce.com/iphone-6&quot;. Current url: &quot;https://demo.nopcommerce.com/&quot; (tried for 10 second(s) with 500 milliseconds interval)
Build info: version: &#039;4.3.0&#039;, revision: &#039;a4995e2c09*&#039;
System info: host: &#039;DESKTOP-K5S71EA&#039;, ip: &#039;192.168.1.2&#039;, os.name: &#039;Windows 10&#039;, os.arch: &#039;amd64&#039;, os.version: &#039;10.0&#039;, java.version: &#039;1.8.0_333&#039;
Driver info: org.openqa.selenium.chrome.ChromeDriver
Capabilities {acceptInsecureCerts: false, browserName: chrome, browserVersion: 103.0.5060.114, chrome: {chromedriverVersion: 103.0.5060.53 (a1711811edd7..., userDataDir: C:\Users\mouha\AppData\Loca...}, goog:chromeOptions: {debuggerAddress: localhost:59131}, networkConnectionEnabled: false, pageLoadStrategy: normal, platformName: WINDOWS, proxy: Proxy(), se:cdp: ws://localhost:59131/devtoo..., se:cdpVersion: 103.0.5060.114, setWindowRect: true, strictFileInteractability: false, timeouts: {implicit: 0, pageLoad: 300000, script: 30000}, unhandledPromptBehavior: dismiss and notify, webauthn:extension:credBlob: true, webauthn:extension:largeBlob: true, webauthn:virtualAuthenticators: true}
Session ID: f50a160ac63d8cdded1241e2a1079e00">
      <![CDATA[org.openqa.selenium.TimeoutException: Expected condition failed: waiting for url to be " https://demo.nopcommerce.com/iphone-6". Current url: "https://demo.nopcommerce.com/" (tried for 10 second(s) with 500 milliseconds interval)
Build info: version: '4.3.0', revision: 'a4995e2c09*'
System info: host: 'DESKTOP-K5S71EA', ip: '192.168.1.2', os.name: 'Windows 10', os.arch: 'amd64', os.version: '10.0', java.version: '1.8.0_333'
Driver info: org.openqa.selenium.chrome.ChromeDriver
Capabilities {acceptInsecureCerts: false, browserName: chrome, browserVersion: 103.0.5060.114, chrome: {chromedriverVersion: 103.0.5060.53 (a1711811edd7..., userDataDir: C:\Users\mouha\AppData\Loca...}, goog:chromeOptions: {debuggerAddress: localhost:59131}, networkConnectionEnabled: false, pageLoadStrategy: normal, platformName: WINDOWS, proxy: Proxy(), se:cdp: ws://localhost:59131/devtoo..., se:cdpVersion: 103.0.5060.114, setWindowRect: true, strictFileInteractability: false, timeouts: {implicit: 0, pageLoad: 300000, script: 30000}, unhandledPromptBehavior: dismiss and notify, webauthn:extension:credBlob: true, webauthn:extension:largeBlob: true, webauthn:virtualAuthenticators: true}
Session ID: f50a160ac63d8cdded1241e2a1079e00
at org.openqa.selenium.support.ui.WebDriverWait.timeoutException(WebDriverWait.java:87)
at org.openqa.selenium.support.ui.FluentWait.until(FluentWait.java:231)
at org.example.step_definitions.HomeSliders.user_navigate_to_iphone_product_details_page(HomeSliders.java:48)
at ✽.User navigate to iphone product details page(file:///C:/Users/mouha/IdeaProjects/EcommerceAppAutomationTesting/src/main/resources/features/F13_HomeSliders.feature:13)
]]>
    </error>
  </testcase> <!-- runScenario -->
  <system-out/>
  <testcase name="runScenario" time="30.593" classname="org.example.runners.TestRunner"/>
  <system-out/>
  <testcase name="runScenario" time="11.026" classname="org.example.runners.TestRunner"/>
  <system-out/>
  <testcase name="runScenario" time="11.555" classname="org.example.runners.TestRunner"/>
  <system-out/>
  <testcase name="runScenario" time="8.870" classname="org.example.runners.TestRunner"/>
  <system-out/>
  <testcase name="runScenario" time="27.358" classname="org.example.runners.TestRunner"/>
  <system-out/>
  <testcase name="runScenario" time="9.462" classname="org.example.runners.TestRunner"/>
  <system-out/>
  <testcase name="runScenario" time="11.068" classname="org.example.runners.TestRunner"/>
  <system-out/>
  <testcase name="runScenario" time="15.011" classname="org.example.runners.TestRunner"/>
  <system-out/>
  <testcase name="runScenario" time="10.435" classname="org.example.runners.TestRunner"/>
  <system-out/>
  <testcase name="runScenario" time="9.290" classname="org.example.runners.TestRunner"/>
  <system-out/>
  <testcase name="runScenario" time="44.025" classname="org.example.runners.TestRunner"/>
  <system-out/>
  <testcase name="runScenario" time="14.567" classname="org.example.runners.TestRunner"/>
  <system-out/>
</testsuite> <!-- org.example.runners.TestRunner -->
